<?xml version="1.0" encoding="UTF-8"?>
<testsuite name="com.jones.integration.features.user.UserUiTest" tests="7" skipped="0" failures="0" errors="0" timestamp="2024-10-31T23:06:17" hostname="Michaels-Laptop.local" time="3.011">
  <properties/>
  <testcase name="Then: The user is shown the login form" classname="com.jones.integration.features.user.UserUiTest" time="0.012"/>
  <testcase name="Then: The login form contains a username field" classname="com.jones.integration.features.user.UserUiTest" time="0.007"/>
  <testcase name="Then: The login form contains a password field" classname="com.jones.integration.features.user.UserUiTest" time="0.007"/>
  <testcase name="Then: The login form contains a submit button" classname="com.jones.integration.features.user.UserUiTest" time="0.009"/>
  <testcase name="Then: THe user remains on the login page" classname="com.jones.integration.features.user.UserUiTest" time="0.009"/>
  <testcase name="Then: The user is shown an error message" classname="com.jones.integration.features.user.UserUiTest" time="0.02"/>
  <testcase name="Then: The user is redirected to the home page" classname="com.jones.integration.features.user.UserUiTest" time="0.01"/>
  <system-out><![CDATA[2024-10-31 23:06:14.242 [DefaultDispatcher-worker-1 @coroutine#3]  INFO  io.ktor.server.Application - Autoreload is disabled because the development mode is off.
2024-10-31 23:06:14.287 [DefaultDispatcher-worker-1 @coroutine#3]  DEBUG com.zaxxer.hikari.HikariConfig - HikariPool-1 - configuration:
2024-10-31 23:06:14.291 [DefaultDispatcher-worker-1 @coroutine#3]  DEBUG com.zaxxer.hikari.HikariConfig - allowPoolSuspension.............false
2024-10-31 23:06:14.291 [DefaultDispatcher-worker-1 @coroutine#3]  DEBUG com.zaxxer.hikari.HikariConfig - autoCommit......................true
2024-10-31 23:06:14.291 [DefaultDispatcher-worker-1 @coroutine#3]  DEBUG com.zaxxer.hikari.HikariConfig - catalog.........................none
2024-10-31 23:06:14.291 [DefaultDispatcher-worker-1 @coroutine#3]  DEBUG com.zaxxer.hikari.HikariConfig - connectionInitSql...............none
2024-10-31 23:06:14.291 [DefaultDispatcher-worker-1 @coroutine#3]  DEBUG com.zaxxer.hikari.HikariConfig - connectionTestQuery.............none
2024-10-31 23:06:14.291 [DefaultDispatcher-worker-1 @coroutine#3]  DEBUG com.zaxxer.hikari.HikariConfig - connectionTimeout...............30000
2024-10-31 23:06:14.291 [DefaultDispatcher-worker-1 @coroutine#3]  DEBUG com.zaxxer.hikari.HikariConfig - dataSource......................none
2024-10-31 23:06:14.291 [DefaultDispatcher-worker-1 @coroutine#3]  DEBUG com.zaxxer.hikari.HikariConfig - dataSourceClassName.............none
2024-10-31 23:06:14.291 [DefaultDispatcher-worker-1 @coroutine#3]  DEBUG com.zaxxer.hikari.HikariConfig - dataSourceJNDI..................none
2024-10-31 23:06:14.291 [DefaultDispatcher-worker-1 @coroutine#3]  DEBUG com.zaxxer.hikari.HikariConfig - dataSourceProperties............{password=<masked>}
2024-10-31 23:06:14.291 [DefaultDispatcher-worker-1 @coroutine#3]  DEBUG com.zaxxer.hikari.HikariConfig - driverClassName.................none
2024-10-31 23:06:14.291 [DefaultDispatcher-worker-1 @coroutine#3]  DEBUG com.zaxxer.hikari.HikariConfig - exceptionOverrideClassName......none
2024-10-31 23:06:14.291 [DefaultDispatcher-worker-1 @coroutine#3]  DEBUG com.zaxxer.hikari.HikariConfig - healthCheckProperties...........{}
2024-10-31 23:06:14.292 [DefaultDispatcher-worker-1 @coroutine#3]  DEBUG com.zaxxer.hikari.HikariConfig - healthCheckRegistry.............none
2024-10-31 23:06:14.292 [DefaultDispatcher-worker-1 @coroutine#3]  DEBUG com.zaxxer.hikari.HikariConfig - idleTimeout.....................600000
2024-10-31 23:06:14.292 [DefaultDispatcher-worker-1 @coroutine#3]  DEBUG com.zaxxer.hikari.HikariConfig - initializationFailTimeout.......1
2024-10-31 23:06:14.292 [DefaultDispatcher-worker-1 @coroutine#3]  DEBUG com.zaxxer.hikari.HikariConfig - isolateInternalQueries..........false
2024-10-31 23:06:14.292 [DefaultDispatcher-worker-1 @coroutine#3]  DEBUG com.zaxxer.hikari.HikariConfig - jdbcUrl.........................jdbc:sqlite::memory:
2024-10-31 23:06:14.292 [DefaultDispatcher-worker-1 @coroutine#3]  DEBUG com.zaxxer.hikari.HikariConfig - keepaliveTime...................0
2024-10-31 23:06:14.292 [DefaultDispatcher-worker-1 @coroutine#3]  DEBUG com.zaxxer.hikari.HikariConfig - leakDetectionThreshold..........0
2024-10-31 23:06:14.292 [DefaultDispatcher-worker-1 @coroutine#3]  DEBUG com.zaxxer.hikari.HikariConfig - maxLifetime.....................1800000
2024-10-31 23:06:14.293 [DefaultDispatcher-worker-1 @coroutine#3]  DEBUG com.zaxxer.hikari.HikariConfig - maximumPoolSize.................10
2024-10-31 23:06:14.293 [DefaultDispatcher-worker-1 @coroutine#3]  DEBUG com.zaxxer.hikari.HikariConfig - metricRegistry..................none
2024-10-31 23:06:14.293 [DefaultDispatcher-worker-1 @coroutine#3]  DEBUG com.zaxxer.hikari.HikariConfig - metricsTrackerFactory...........none
2024-10-31 23:06:14.293 [DefaultDispatcher-worker-1 @coroutine#3]  DEBUG com.zaxxer.hikari.HikariConfig - minimumIdle.....................1
2024-10-31 23:06:14.293 [DefaultDispatcher-worker-1 @coroutine#3]  DEBUG com.zaxxer.hikari.HikariConfig - password........................<masked>
2024-10-31 23:06:14.294 [DefaultDispatcher-worker-1 @coroutine#3]  DEBUG com.zaxxer.hikari.HikariConfig - poolName........................"HikariPool-1"
2024-10-31 23:06:14.294 [DefaultDispatcher-worker-1 @coroutine#3]  DEBUG com.zaxxer.hikari.HikariConfig - readOnly........................false
2024-10-31 23:06:14.294 [DefaultDispatcher-worker-1 @coroutine#3]  DEBUG com.zaxxer.hikari.HikariConfig - registerMbeans..................false
2024-10-31 23:06:14.294 [DefaultDispatcher-worker-1 @coroutine#3]  DEBUG com.zaxxer.hikari.HikariConfig - scheduledExecutor...............none
2024-10-31 23:06:14.294 [DefaultDispatcher-worker-1 @coroutine#3]  DEBUG com.zaxxer.hikari.HikariConfig - schema..........................none
2024-10-31 23:06:14.294 [DefaultDispatcher-worker-1 @coroutine#3]  DEBUG com.zaxxer.hikari.HikariConfig - threadFactory...................internal
2024-10-31 23:06:14.294 [DefaultDispatcher-worker-1 @coroutine#3]  DEBUG com.zaxxer.hikari.HikariConfig - transactionIsolation............default
2024-10-31 23:06:14.294 [DefaultDispatcher-worker-1 @coroutine#3]  DEBUG com.zaxxer.hikari.HikariConfig - username........................none
2024-10-31 23:06:14.295 [DefaultDispatcher-worker-1 @coroutine#3]  DEBUG com.zaxxer.hikari.HikariConfig - validationTimeout...............5000
2024-10-31 23:06:14.295 [DefaultDispatcher-worker-1 @coroutine#3]  INFO  com.zaxxer.hikari.HikariDataSource - HikariPool-1 - Starting...
2024-10-31 23:06:14.299 [DefaultDispatcher-worker-1 @coroutine#3]  DEBUG c.z.hikari.util.DriverDataSource - Loaded driver with class name org.sqlite.JDBC for jdbcUrl=jdbc:sqlite::memory:
2024-10-31 23:06:14.522 [DefaultDispatcher-worker-1 @coroutine#3]  TRACE org.sqlite.core.NativeDB - DriverManager [DefaultDispatcher-worker-1 @coroutine#3] [SQLite EXEC] pragma busy_timeout=3000
2024-10-31 23:06:14.524 [DefaultDispatcher-worker-1 @coroutine#3]  TRACE org.sqlite.core.NativeDB - DriverManager [DefaultDispatcher-worker-1 @coroutine#3] [SQLite EXEC] select 1
2024-10-31 23:06:14.525 [DefaultDispatcher-worker-1 @coroutine#3]  INFO  com.zaxxer.hikari.pool.HikariPool - HikariPool-1 - Added connection org.sqlite.jdbc4.JDBC4Connection@215f171
2024-10-31 23:06:14.526 [DefaultDispatcher-worker-1 @coroutine#3]  INFO  com.zaxxer.hikari.HikariDataSource - HikariPool-1 - Start completed.
2024-10-31 23:06:14.631 [HikariPool-1 housekeeper]  DEBUG com.zaxxer.hikari.pool.HikariPool - HikariPool-1 - Before cleanup stats (total=1, active=0, idle=1, waiting=0)
2024-10-31 23:06:14.631 [HikariPool-1 housekeeper]  DEBUG com.zaxxer.hikari.pool.HikariPool - HikariPool-1 - After cleanup  stats (total=1, active=0, idle=1, waiting=0)
2024-10-31 23:06:14.631 [HikariPool-1 housekeeper]  DEBUG com.zaxxer.hikari.pool.HikariPool - HikariPool-1 - Fill pool skipped, pool has sufficient level or currently being filled.
2024-10-31 23:06:14.632 [DefaultDispatcher-worker-1 @coroutine#3]  DEBUG o.f.c.i.s.classpath.ClassPathScanner - Scanning for classpath resources at 'classpath:db/callback' ...
2024-10-31 23:06:14.632 [DefaultDispatcher-worker-1 @coroutine#3]  DEBUG o.f.c.i.s.classpath.ClassPathScanner - Determining location urls for classpath:db/callback using ClassLoader jdk.internal.loader.ClassLoaders$AppClassLoader@67424e82 ...
2024-10-31 23:06:14.632 [DefaultDispatcher-worker-1 @coroutine#3]  DEBUG o.f.c.i.s.classpath.ClassPathScanner - Unable to resolve location classpath:db/callback.
2024-10-31 23:06:14.632 [DefaultDispatcher-worker-1 @coroutine#3]  DEBUG o.f.c.i.s.classpath.ClassPathScanner - Scanning for classpath resources at 'classpath:db/migration' ...
2024-10-31 23:06:14.632 [DefaultDispatcher-worker-1 @coroutine#3]  DEBUG o.f.c.i.s.classpath.ClassPathScanner - Determining location urls for classpath:db/migration using ClassLoader jdk.internal.loader.ClassLoaders$AppClassLoader@67424e82 ...
2024-10-31 23:06:14.632 [DefaultDispatcher-worker-1 @coroutine#3]  DEBUG o.f.c.i.s.classpath.ClassPathScanner - Scanning URL: file:/Users/michaeljordan/Documents/repos/unsolicited/build/resources/main/db/migration
2024-10-31 23:06:14.632 [DefaultDispatcher-worker-1 @coroutine#3]  DEBUG o.f.c.i.s.c.FileSystemClassPathLocationScanner - Scanning starting at classpath root in filesystem: /Users/michaeljordan/Documents/repos/unsolicited/build/resources/main/
2024-10-31 23:06:14.632 [DefaultDispatcher-worker-1 @coroutine#3]  DEBUG o.f.c.i.s.c.FileSystemClassPathLocationScanner - Scanning for resources in path: /Users/michaeljordan/Documents/repos/unsolicited/build/resources/main/db/migration (db/migration)
2024-10-31 23:06:14.633 [DefaultDispatcher-worker-1 @coroutine#3]  DEBUG o.f.c.i.s.classpath.ClassPathScanner - Found resource: db/migration/V1__initial_auth.sql
2024-10-31 23:06:14.633 [DefaultDispatcher-worker-1 @coroutine#3]  DEBUG o.f.c.i.s.classpath.ClassPathScanner - Scanning for classes at classpath:db/migration
2024-10-31 23:06:14.642 [DefaultDispatcher-worker-1 @coroutine#3]  DEBUG o.f.c.i.r.ResourceNameValidator - Validating V1__initial_auth.sql
2024-10-31 23:06:14.644 [DefaultDispatcher-worker-1 @coroutine#3]  INFO  org.flywaydb.core.FlywayExecutor - Database: jdbc:sqlite::memory: (SQLite 3.46)
2024-10-31 23:06:14.644 [DefaultDispatcher-worker-1 @coroutine#3]  DEBUG org.flywaydb.core.FlywayExecutor - Database Type: SQLite
2024-10-31 23:06:14.644 [DefaultDispatcher-worker-1 @coroutine#3]  DEBUG org.flywaydb.core.FlywayExecutor - Driver: SQLite JDBC 3.46.1.3
2024-10-31 23:06:14.644 [DefaultDispatcher-worker-1 @coroutine#3]  DEBUG org.flywaydb.core.FlywayExecutor - DDL Transactions Supported: true
2024-10-31 23:06:14.645 [DefaultDispatcher-worker-1 @coroutine#3]  DEBUG o.f.c.i.s.SchemaHistoryFactory - Schemas: 
2024-10-31 23:06:14.645 [DefaultDispatcher-worker-1 @coroutine#3]  DEBUG o.f.c.i.s.SchemaHistoryFactory - Default schema: null
2024-10-31 23:06:14.646 [DefaultDispatcher-worker-1 @coroutine#3]  DEBUG org.flywaydb.core.FlywayExecutor - Scanning for script callbacks ...
2024-10-31 23:06:14.647 [DefaultDispatcher-worker-1 @coroutine#3]  DEBUG o.f.c.i.c.SqlScriptCallbackFactory - Scanning for SQL callbacks ...
2024-10-31 23:06:14.651 [DefaultDispatcher-worker-1 @coroutine#3]  TRACE org.sqlite.core.NativeDB - DriverManager [DefaultDispatcher-worker-1 @coroutine#3] [SQLite EXEC] SELECT tbl_name FROM "main".sqlite_master WHERE type='table'
2024-10-31 23:06:14.652 [DefaultDispatcher-worker-1 @coroutine#3]  TRACE org.sqlite.core.NativeDB - DriverManager [DefaultDispatcher-worker-1 @coroutine#3] [SQLite EXEC] begin;
2024-10-31 23:06:14.652 [DefaultDispatcher-worker-1 @coroutine#3]  TRACE org.sqlite.core.NativeDB - DriverManager [DefaultDispatcher-worker-1 @coroutine#3] [SQLite EXEC] commit;
2024-10-31 23:06:14.654 [DefaultDispatcher-worker-1 @coroutine#3]  DEBUG o.f.core.internal.command.DbValidate - Validating migrations ...
2024-10-31 23:06:14.654 [DefaultDispatcher-worker-1 @coroutine#3]  TRACE org.sqlite.core.NativeDB - DriverManager [DefaultDispatcher-worker-1 @coroutine#3] [SQLite EXEC] begin;
2024-10-31 23:06:14.655 [DefaultDispatcher-worker-1 @coroutine#3]  DEBUG o.f.c.a.c.ClassicConfiguration - CherryPickConfigurationExtension not found
2024-10-31 23:06:14.658 [DefaultDispatcher-worker-1 @coroutine#3]  DEBUG o.f.core.internal.scanner.Scanner - Filtering out resource: db/migration/V1__initial_auth.sql (filename: V1__initial_auth.sql)
2024-10-31 23:06:14.658 [DefaultDispatcher-worker-1 @coroutine#3]  DEBUG o.f.core.internal.scanner.Scanner - Filtering out resource: db/migration/V1__initial_auth.sql (filename: V1__initial_auth.sql)
2024-10-31 23:06:14.658 [DefaultDispatcher-worker-1 @coroutine#3]  DEBUG o.f.core.internal.scanner.Scanner - Filtering out resource: db/migration/V1__initial_auth.sql (filename: V1__initial_auth.sql)
2024-10-31 23:06:14.658 [DefaultDispatcher-worker-1 @coroutine#3]  DEBUG o.f.core.internal.scanner.Scanner - Filtering out resource: db/migration/V1__initial_auth.sql (filename: V1__initial_auth.sql)
2024-10-31 23:06:14.659 [DefaultDispatcher-worker-1 @coroutine#3]  TRACE org.sqlite.core.NativeDB - DriverManager [DefaultDispatcher-worker-1 @coroutine#3] [SQLite EXEC] SELECT count(tbl_name) FROM "main".sqlite_master WHERE type='table' AND tbl_name='flyway_schema_history'
2024-10-31 23:06:14.659 [DefaultDispatcher-worker-1 @coroutine#3]  INFO  o.f.c.i.s.JdbcTableSchemaHistory - Schema history table "main"."flyway_schema_history" does not exist yet
2024-10-31 23:06:14.660 [DefaultDispatcher-worker-1 @coroutine#3]  TRACE org.sqlite.core.NativeDB - DriverManager [DefaultDispatcher-worker-1 @coroutine#3] [SQLite EXEC] commit;
2024-10-31 23:06:14.661 [DefaultDispatcher-worker-1 @coroutine#3]  TRACE org.sqlite.core.NativeDB - DriverManager [DefaultDispatcher-worker-1 @coroutine#3] [SQLite EXEC] begin;
2024-10-31 23:06:14.661 [DefaultDispatcher-worker-1 @coroutine#3]  TRACE org.sqlite.core.NativeDB - DriverManager [DefaultDispatcher-worker-1 @coroutine#3] [SQLite EXEC] commit;
2024-10-31 23:06:14.661 [DefaultDispatcher-worker-1 @coroutine#3]  INFO  o.f.core.internal.command.DbValidate - Successfully validated 1 migration (execution time 00:00.006s)
2024-10-31 23:06:14.663 [DefaultDispatcher-worker-1 @coroutine#3]  TRACE org.sqlite.core.NativeDB - DriverManager [DefaultDispatcher-worker-1 @coroutine#3] [SQLite EXEC] begin;
2024-10-31 23:06:14.663 [DefaultDispatcher-worker-1 @coroutine#3]  TRACE org.sqlite.core.NativeDB - DriverManager [DefaultDispatcher-worker-1 @coroutine#3] [SQLite EXEC] SELECT tbl_name FROM "main".sqlite_master WHERE type='table'
2024-10-31 23:06:14.663 [DefaultDispatcher-worker-1 @coroutine#3]  DEBUG o.f.core.internal.command.DbSchemas - Skipping creation of existing schema: "main"
2024-10-31 23:06:14.663 [DefaultDispatcher-worker-1 @coroutine#3]  TRACE org.sqlite.core.NativeDB - DriverManager [DefaultDispatcher-worker-1 @coroutine#3] [SQLite EXEC] commit;
2024-10-31 23:06:14.663 [DefaultDispatcher-worker-1 @coroutine#3]  TRACE org.sqlite.core.NativeDB - DriverManager [DefaultDispatcher-worker-1 @coroutine#3] [SQLite EXEC] begin;
2024-10-31 23:06:14.663 [DefaultDispatcher-worker-1 @coroutine#3]  TRACE org.sqlite.core.NativeDB - DriverManager [DefaultDispatcher-worker-1 @coroutine#3] [SQLite EXEC] commit;
2024-10-31 23:06:14.663 [DefaultDispatcher-worker-1 @coroutine#3]  TRACE org.sqlite.core.NativeDB - DriverManager [DefaultDispatcher-worker-1 @coroutine#3] [SQLite EXEC] SELECT count(tbl_name) FROM "main".sqlite_master WHERE type='table' AND tbl_name='flyway_schema_history'
2024-10-31 23:06:14.663 [DefaultDispatcher-worker-1 @coroutine#3]  TRACE org.sqlite.core.NativeDB - DriverManager [DefaultDispatcher-worker-1 @coroutine#3] [SQLite EXEC] SELECT tbl_name FROM "main".sqlite_master WHERE type='table'
2024-10-31 23:06:14.663 [DefaultDispatcher-worker-1 @coroutine#3]  TRACE org.sqlite.core.NativeDB - DriverManager [DefaultDispatcher-worker-1 @coroutine#3] [SQLite EXEC] SELECT tbl_name FROM "main".sqlite_master WHERE type='table'
2024-10-31 23:06:14.664 [DefaultDispatcher-worker-1 @coroutine#3]  TRACE org.sqlite.core.NativeDB - DriverManager [DefaultDispatcher-worker-1 @coroutine#3] [SQLite EXEC] begin;
2024-10-31 23:06:14.664 [DefaultDispatcher-worker-1 @coroutine#3]  TRACE org.sqlite.core.NativeDB - DriverManager [DefaultDispatcher-worker-1 @coroutine#3] [SQLite EXEC] SELECT count(tbl_name) FROM "main".sqlite_master WHERE type='table' AND tbl_name='flyway_schema_history'
2024-10-31 23:06:14.664 [DefaultDispatcher-worker-1 @coroutine#3]  TRACE org.sqlite.core.NativeDB - DriverManager [DefaultDispatcher-worker-1 @coroutine#3] [SQLite EXEC] SELECT count(tbl_name) FROM "main".sqlite_master WHERE type='table' AND tbl_name='flyway_schema_history'
2024-10-31 23:06:14.664 [DefaultDispatcher-worker-1 @coroutine#3]  INFO  o.f.c.i.s.JdbcTableSchemaHistory - Creating Schema History table "main"."flyway_schema_history" ...
2024-10-31 23:06:14.667 [DefaultDispatcher-worker-1 @coroutine#3]  DEBUG o.f.core.internal.parser.Parser - Parsing  ...
2024-10-31 23:06:14.671 [DefaultDispatcher-worker-1 @coroutine#3]  DEBUG o.f.c.i.sqlscript.ParserSqlScript - Found statement at line 1: CREATE TABLE "main"."flyway_schema_history" (
    "installed_rank" INT NOT NULL PRIMARY KEY,
    "version" VARCHAR(50),
    "description" VARCHAR(200) NOT NULL,
    "type" VARCHAR(20) NOT NULL,
    "script" VARCHAR(1000) NOT NULL,
    "checksum" INT,
    "installed_by" VARCHAR(100) NOT NULL,
    "installed_on" TEXT NOT NULL DEFAULT (strftime('%Y-%m-%d %H:%M:%f','now')),
    "execution_time" INT NOT NULL,
    "success" BOOLEAN NOT NULL
)
2024-10-31 23:06:14.672 [DefaultDispatcher-worker-1 @coroutine#3]  DEBUG o.f.c.i.sqlscript.ParserSqlScript - Found statement at line 13: CREATE INDEX "main"."flyway_schema_history_s_idx" ON "flyway_schema_history" ("success")
2024-10-31 23:06:14.672 [DefaultDispatcher-worker-1 @coroutine#3]  DEBUG o.f.c.i.s.DefaultSqlScriptExecutor - Executing SQL: CREATE TABLE "main"."flyway_schema_history" (
    "installed_rank" INT NOT NULL PRIMARY KEY,
    "version" VARCHAR(50),
    "description" VARCHAR(200) NOT NULL,
    "type" VARCHAR(20) NOT NULL,
    "script" VARCHAR(1000) NOT NULL,
    "checksum" INT,
    "installed_by" VARCHAR(100) NOT NULL,
    "installed_on" TEXT NOT NULL DEFAULT (strftime('%Y-%m-%d %H:%M:%f','now')),
    "execution_time" INT NOT NULL,
    "success" BOOLEAN NOT NULL
)
2024-10-31 23:06:14.673 [DefaultDispatcher-worker-1 @coroutine#3]  TRACE org.sqlite.core.NativeDB - DriverManager [DefaultDispatcher-worker-1 @coroutine#3] [SQLite EXEC] CREATE TABLE "main"."flyway_schema_history" (
    "installed_rank" INT NOT NULL PRIMARY KEY,
    "version" VARCHAR(50),
    "description" VARCHAR(200) NOT NULL,
    "type" VARCHAR(20) NOT NULL,
    "script" VARCHAR(1000) NOT NULL,
    "checksum" INT,
    "installed_by" VARCHAR(100) NOT NULL,
    "installed_on" TEXT NOT NULL DEFAULT (strftime('%Y-%m-%d %H:%M:%f','now')),
    "execution_time" INT NOT NULL,
    "success" BOOLEAN NOT NULL
)
2024-10-31 23:06:14.674 [DefaultDispatcher-worker-1 @coroutine#3]  DEBUG o.f.c.i.s.DefaultSqlScriptExecutor - 0 rows affected
2024-10-31 23:06:14.674 [DefaultDispatcher-worker-1 @coroutine#3]  DEBUG o.f.c.i.s.DefaultSqlScriptExecutor - Executing SQL: CREATE INDEX "main"."flyway_schema_history_s_idx" ON "flyway_schema_history" ("success")
2024-10-31 23:06:14.674 [DefaultDispatcher-worker-1 @coroutine#3]  TRACE org.sqlite.core.NativeDB - DriverManager [DefaultDispatcher-worker-1 @coroutine#3] [SQLite EXEC] CREATE INDEX "main"."flyway_schema_history_s_idx" ON "flyway_schema_history" ("success")
2024-10-31 23:06:14.674 [DefaultDispatcher-worker-1 @coroutine#3]  DEBUG o.f.c.i.s.DefaultSqlScriptExecutor - 0 rows affected
2024-10-31 23:06:14.674 [DefaultDispatcher-worker-1 @coroutine#3]  DEBUG o.f.c.i.s.JdbcTableSchemaHistory - Created Schema History table "main"."flyway_schema_history"
2024-10-31 23:06:14.674 [DefaultDispatcher-worker-1 @coroutine#3]  TRACE org.sqlite.core.NativeDB - DriverManager [DefaultDispatcher-worker-1 @coroutine#3] [SQLite EXEC] commit;
2024-10-31 23:06:14.674 [DefaultDispatcher-worker-1 @coroutine#3]  TRACE org.sqlite.core.NativeDB - DriverManager [DefaultDispatcher-worker-1 @coroutine#3] [SQLite EXEC] begin;
2024-10-31 23:06:14.674 [DefaultDispatcher-worker-1 @coroutine#3]  TRACE org.sqlite.core.NativeDB - DriverManager [DefaultDispatcher-worker-1 @coroutine#3] [SQLite EXEC] SELECT count(tbl_name) FROM "main".sqlite_master WHERE type='table' AND tbl_name='flyway_schema_history'
2024-10-31 23:06:14.674 [DefaultDispatcher-worker-1 @coroutine#3]  TRACE org.sqlite.core.NativeDB - DriverManager [DefaultDispatcher-worker-1 @coroutine#3] [SQLite EXEC] SELECT count(tbl_name) FROM "main".sqlite_master WHERE type='table' AND tbl_name='flyway_schema_history'
2024-10-31 23:06:14.674 [DefaultDispatcher-worker-1 @coroutine#3]  TRACE org.sqlite.core.NativeDB - DriverManager [DefaultDispatcher-worker-1 @coroutine#3] [SQLite EXEC] commit;
2024-10-31 23:06:14.674 [DefaultDispatcher-worker-1 @coroutine#3]  TRACE org.sqlite.core.NativeDB - DriverManager [DefaultDispatcher-worker-1 @coroutine#3] [SQLite EXEC] begin;
2024-10-31 23:06:14.674 [DefaultDispatcher-worker-1 @coroutine#3]  TRACE org.sqlite.core.NativeDB - DriverManager [DefaultDispatcher-worker-1 @coroutine#3] [SQLite EXEC] commit;
2024-10-31 23:06:14.676 [DefaultDispatcher-worker-1 @coroutine#3]  TRACE org.sqlite.core.NativeDB - DriverManager [DefaultDispatcher-worker-1 @coroutine#3] [SQLite EXEC] begin;
2024-10-31 23:06:14.676 [DefaultDispatcher-worker-1 @coroutine#3]  TRACE org.sqlite.core.NativeDB - DriverManager [DefaultDispatcher-worker-1 @coroutine#3] [SQLite EXEC] SELECT count(tbl_name) FROM "main".sqlite_master WHERE type='table' AND tbl_name='flyway_schema_history'
2024-10-31 23:06:14.676 [DefaultDispatcher-worker-1 @coroutine#3]  DEBUG o.f.c.i.database.sqlite.SQLiteTable - Unable to lock "main"."flyway_schema_history" as SQLite does not support locking. No concurrent migration supported.
2024-10-31 23:06:14.676 [DefaultDispatcher-worker-1 @coroutine#3]  DEBUG o.f.c.a.c.ClassicConfiguration - CherryPickConfigurationExtension not found
2024-10-31 23:06:14.676 [DefaultDispatcher-worker-1 @coroutine#3]  TRACE org.sqlite.core.NativeDB - DriverManager [DefaultDispatcher-worker-1 @coroutine#3] [SQLite EXEC] SELECT count(tbl_name) FROM "main".sqlite_master WHERE type='table' AND tbl_name='flyway_schema_history'
2024-10-31 23:06:14.681 [DefaultDispatcher-worker-1 @coroutine#3]  TRACE org.sqlite.core.NativeDB - DriverManager [DefaultDispatcher-worker-1 @coroutine#3] [SQLite EXEC] SELECT "installed_rank","version","description","type","script","checksum","installed_on","installed_by","execution_time","success" FROM "main"."flyway_schema_history" WHERE "installed_rank" > ? ORDER BY "installed_rank"
2024-10-31 23:06:14.682 [DefaultDispatcher-worker-1 @coroutine#3]  INFO  o.f.core.internal.command.DbMigrate - Current version of schema "main": << Empty Schema >>
2024-10-31 23:06:14.683 [DefaultDispatcher-worker-1 @coroutine#3]  DEBUG o.f.core.internal.parser.Parser - Parsing V1__initial_auth.sql ...
2024-10-31 23:06:14.684 [DefaultDispatcher-worker-1 @coroutine#3]  DEBUG o.f.c.i.sqlscript.ParserSqlScript - Found statement at line 1: CREATE TABLE User
(
    id            INTEGER PRIMARY KEY AUTOINCREMENT,
    username      VARCHAR(255) NOT NULL,
    password_hash VARCHAR(255) NOT NULL,
    type          TEXT CHECK ( type IN ('ADMIN', 'USER') ) DEFAULT 'USER',
    created_at    TIMESTAMP                                DEFAULT CURRENT_TIMESTAMP
)
2024-10-31 23:06:14.684 [DefaultDispatcher-worker-1 @coroutine#3]  DEBUG o.f.c.i.sqlscript.ParserSqlScript - Found statement at line 10: CREATE INDEX idx_user_username ON User (username)
2024-10-31 23:06:14.685 [DefaultDispatcher-worker-1 @coroutine#3]  DEBUG o.f.c.i.sqlscript.ParserSqlScript - Found statement at line 12: CREATE TABLE UserSession
(
    id         INTEGER PRIMARY KEY AUTOINCREMENT,
    token      VARCHAR(255) NOT NULL,
    user_id    INT          NOT NULL,
    created_at TIMESTAMP DEFAULT CURRENT_TIMESTAMP,
    FOREIGN KEY (user_id) REFERENCES User (id)
)
2024-10-31 23:06:14.686 [DefaultDispatcher-worker-1 @coroutine#3]  DEBUG o.f.core.internal.command.DbMigrate - Starting migration of schema "main" to version "1 - initial auth" ...
2024-10-31 23:06:14.686 [DefaultDispatcher-worker-1 @coroutine#3]  TRACE org.sqlite.core.NativeDB - DriverManager [DefaultDispatcher-worker-1 @coroutine#3] [SQLite EXEC] SELECT tbl_name FROM "main".sqlite_master WHERE type='table'
2024-10-31 23:06:14.686 [DefaultDispatcher-worker-1 @coroutine#3]  INFO  o.f.core.internal.command.DbMigrate - Migrating schema "main" to version "1 - initial auth"
2024-10-31 23:06:14.687 [DefaultDispatcher-worker-1 @coroutine#3]  DEBUG o.f.c.i.s.DefaultSqlScriptExecutor - Executing SQL: CREATE TABLE User
(
    id            INTEGER PRIMARY KEY AUTOINCREMENT,
    username      VARCHAR(255) NOT NULL,
    password_hash VARCHAR(255) NOT NULL,
    type          TEXT CHECK ( type IN ('ADMIN', 'USER') ) DEFAULT 'USER',
    created_at    TIMESTAMP                                DEFAULT CURRENT_TIMESTAMP
)
2024-10-31 23:06:14.687 [DefaultDispatcher-worker-1 @coroutine#3]  TRACE org.sqlite.core.NativeDB - DriverManager [DefaultDispatcher-worker-1 @coroutine#3] [SQLite EXEC] CREATE TABLE User
(
    id            INTEGER PRIMARY KEY AUTOINCREMENT,
    username      VARCHAR(255) NOT NULL,
    password_hash VARCHAR(255) NOT NULL,
    type          TEXT CHECK ( type IN ('ADMIN', 'USER') ) DEFAULT 'USER',
    created_at    TIMESTAMP                                DEFAULT CURRENT_TIMESTAMP
)
2024-10-31 23:06:14.687 [DefaultDispatcher-worker-1 @coroutine#3]  DEBUG o.f.c.i.s.DefaultSqlScriptExecutor - 0 rows affected
2024-10-31 23:06:14.687 [DefaultDispatcher-worker-1 @coroutine#3]  DEBUG o.f.c.i.s.DefaultSqlScriptExecutor - Executing SQL: CREATE INDEX idx_user_username ON User (username)
2024-10-31 23:06:14.687 [DefaultDispatcher-worker-1 @coroutine#3]  TRACE org.sqlite.core.NativeDB - DriverManager [DefaultDispatcher-worker-1 @coroutine#3] [SQLite EXEC] CREATE INDEX idx_user_username ON User (username)
2024-10-31 23:06:14.687 [DefaultDispatcher-worker-1 @coroutine#3]  DEBUG o.f.c.i.s.DefaultSqlScriptExecutor - 0 rows affected
2024-10-31 23:06:14.687 [DefaultDispatcher-worker-1 @coroutine#3]  DEBUG o.f.c.i.s.DefaultSqlScriptExecutor - Executing SQL: CREATE TABLE UserSession
(
    id         INTEGER PRIMARY KEY AUTOINCREMENT,
    token      VARCHAR(255) NOT NULL,
    user_id    INT          NOT NULL,
    created_at TIMESTAMP DEFAULT CURRENT_TIMESTAMP,
    FOREIGN KEY (user_id) REFERENCES User (id)
)
2024-10-31 23:06:14.687 [DefaultDispatcher-worker-1 @coroutine#3]  TRACE org.sqlite.core.NativeDB - DriverManager [DefaultDispatcher-worker-1 @coroutine#3] [SQLite EXEC] CREATE TABLE UserSession
(
    id         INTEGER PRIMARY KEY AUTOINCREMENT,
    token      VARCHAR(255) NOT NULL,
    user_id    INT          NOT NULL,
    created_at TIMESTAMP DEFAULT CURRENT_TIMESTAMP,
    FOREIGN KEY (user_id) REFERENCES User (id)
)
2024-10-31 23:06:14.687 [DefaultDispatcher-worker-1 @coroutine#3]  DEBUG o.f.c.i.s.DefaultSqlScriptExecutor - 0 rows affected
2024-10-31 23:06:14.687 [DefaultDispatcher-worker-1 @coroutine#3]  DEBUG o.f.core.internal.command.DbMigrate - Successfully completed migration of schema "main" to version "1 - initial auth"
2024-10-31 23:06:14.687 [DefaultDispatcher-worker-1 @coroutine#3]  TRACE org.sqlite.core.NativeDB - DriverManager [DefaultDispatcher-worker-1 @coroutine#3] [SQLite EXEC] SELECT count(tbl_name) FROM "main".sqlite_master WHERE type='table' AND tbl_name='flyway_schema_history'
2024-10-31 23:06:14.688 [DefaultDispatcher-worker-1 @coroutine#3]  TRACE org.sqlite.core.NativeDB - DriverManager [DefaultDispatcher-worker-1 @coroutine#3] [SQLite EXEC] SELECT "installed_rank","version","description","type","script","checksum","installed_on","installed_by","execution_time","success" FROM "main"."flyway_schema_history" WHERE "installed_rank" > ? ORDER BY "installed_rank"
2024-10-31 23:06:14.691 [DefaultDispatcher-worker-1 @coroutine#3]  TRACE org.sqlite.core.NativeDB - DriverManager [DefaultDispatcher-worker-1 @coroutine#3] [SQLite EXEC] INSERT INTO "main"."flyway_schema_history" ("installed_rank", "version", "description", "type", "script", "checksum", "installed_by", "execution_time", "success") VALUES (?, ?, ?, ?, ?, ?, ?, ?, ?)
2024-10-31 23:06:14.691 [DefaultDispatcher-worker-1 @coroutine#3]  TRACE org.sqlite.core.NativeDB - DriverManager [DefaultDispatcher-worker-1 @coroutine#3] [SQLite EXEC] SELECT last_insert_rowid();
2024-10-31 23:06:14.692 [DefaultDispatcher-worker-1 @coroutine#3]  DEBUG o.f.c.i.s.JdbcTableSchemaHistory - Schema History table "main"."flyway_schema_history" successfully updated to reflect changes
2024-10-31 23:06:14.692 [DefaultDispatcher-worker-1 @coroutine#3]  TRACE org.sqlite.core.NativeDB - DriverManager [DefaultDispatcher-worker-1 @coroutine#3] [SQLite EXEC] commit;
2024-10-31 23:06:14.692 [DefaultDispatcher-worker-1 @coroutine#3]  TRACE org.sqlite.core.NativeDB - DriverManager [DefaultDispatcher-worker-1 @coroutine#3] [SQLite EXEC] begin;
2024-10-31 23:06:14.692 [DefaultDispatcher-worker-1 @coroutine#3]  TRACE org.sqlite.core.NativeDB - DriverManager [DefaultDispatcher-worker-1 @coroutine#3] [SQLite EXEC] SELECT count(tbl_name) FROM "main".sqlite_master WHERE type='table' AND tbl_name='flyway_schema_history'
2024-10-31 23:06:14.692 [DefaultDispatcher-worker-1 @coroutine#3]  TRACE org.sqlite.core.NativeDB - DriverManager [DefaultDispatcher-worker-1 @coroutine#3] [SQLite EXEC] commit;
2024-10-31 23:06:14.692 [DefaultDispatcher-worker-1 @coroutine#3]  TRACE org.sqlite.core.NativeDB - DriverManager [DefaultDispatcher-worker-1 @coroutine#3] [SQLite EXEC] begin;
2024-10-31 23:06:14.692 [DefaultDispatcher-worker-1 @coroutine#3]  TRACE org.sqlite.core.NativeDB - DriverManager [DefaultDispatcher-worker-1 @coroutine#3] [SQLite EXEC] commit;
2024-10-31 23:06:14.692 [DefaultDispatcher-worker-1 @coroutine#3]  TRACE org.sqlite.core.NativeDB - DriverManager [DefaultDispatcher-worker-1 @coroutine#3] [SQLite EXEC] begin;
2024-10-31 23:06:14.692 [DefaultDispatcher-worker-1 @coroutine#3]  TRACE org.sqlite.core.NativeDB - DriverManager [DefaultDispatcher-worker-1 @coroutine#3] [SQLite EXEC] SELECT count(tbl_name) FROM "main".sqlite_master WHERE type='table' AND tbl_name='flyway_schema_history'
2024-10-31 23:06:14.692 [DefaultDispatcher-worker-1 @coroutine#3]  DEBUG o.f.c.i.database.sqlite.SQLiteTable - Unable to lock "main"."flyway_schema_history" as SQLite does not support locking. No concurrent migration supported.
2024-10-31 23:06:14.692 [DefaultDispatcher-worker-1 @coroutine#3]  DEBUG o.f.c.a.c.ClassicConfiguration - CherryPickConfigurationExtension not found
2024-10-31 23:06:14.692 [DefaultDispatcher-worker-1 @coroutine#3]  TRACE org.sqlite.core.NativeDB - DriverManager [DefaultDispatcher-worker-1 @coroutine#3] [SQLite EXEC] SELECT count(tbl_name) FROM "main".sqlite_master WHERE type='table' AND tbl_name='flyway_schema_history'
2024-10-31 23:06:14.692 [DefaultDispatcher-worker-1 @coroutine#3]  TRACE org.sqlite.core.NativeDB - DriverManager [DefaultDispatcher-worker-1 @coroutine#3] [SQLite EXEC] SELECT "installed_rank","version","description","type","script","checksum","installed_on","installed_by","execution_time","success" FROM "main"."flyway_schema_history" WHERE "installed_rank" > ? ORDER BY "installed_rank"
2024-10-31 23:06:14.693 [DefaultDispatcher-worker-1 @coroutine#3]  TRACE org.sqlite.core.NativeDB - DriverManager [DefaultDispatcher-worker-1 @coroutine#3] [SQLite EXEC] SELECT count(tbl_name) FROM "main".sqlite_master WHERE type='table' AND tbl_name='flyway_schema_history'
2024-10-31 23:06:14.694 [DefaultDispatcher-worker-1 @coroutine#3]  TRACE org.sqlite.core.NativeDB - DriverManager [DefaultDispatcher-worker-1 @coroutine#3] [SQLite EXEC] commit;
2024-10-31 23:06:14.694 [DefaultDispatcher-worker-1 @coroutine#3]  TRACE org.sqlite.core.NativeDB - DriverManager [DefaultDispatcher-worker-1 @coroutine#3] [SQLite EXEC] begin;
2024-10-31 23:06:14.694 [DefaultDispatcher-worker-1 @coroutine#3]  TRACE org.sqlite.core.NativeDB - DriverManager [DefaultDispatcher-worker-1 @coroutine#3] [SQLite EXEC] commit;
2024-10-31 23:06:14.696 [DefaultDispatcher-worker-1 @coroutine#3]  INFO  o.f.core.internal.command.DbMigrate - Successfully applied 1 migration to schema "main", now at version v1 (execution time 00:00.001s)
2024-10-31 23:06:14.696 [DefaultDispatcher-worker-1 @coroutine#3]  TRACE org.sqlite.core.NativeDB - DriverManager [DefaultDispatcher-worker-1 @coroutine#3] [SQLite EXEC] begin;
2024-10-31 23:06:14.696 [DefaultDispatcher-worker-1 @coroutine#3]  TRACE org.sqlite.core.NativeDB - DriverManager [DefaultDispatcher-worker-1 @coroutine#3] [SQLite EXEC] commit;
2024-10-31 23:06:14.696 [DefaultDispatcher-worker-1 @coroutine#3]  TRACE org.sqlite.core.NativeDB - DriverManager [DefaultDispatcher-worker-1 @coroutine#3] [SQLite EXEC] begin;
2024-10-31 23:06:14.696 [DefaultDispatcher-worker-1 @coroutine#3]  TRACE org.sqlite.core.NativeDB - DriverManager [DefaultDispatcher-worker-1 @coroutine#3] [SQLite EXEC] commit;
2024-10-31 23:06:14.701 [DefaultDispatcher-worker-1 @coroutine#3]  DEBUG org.flywaydb.core.FlywayExecutor - Memory usage: 208 of 457M
2024-10-31 23:06:14.761 [DefaultDispatcher-worker-3 @coroutine#4]  TRACE org.sqlite.core.NativeDB - DriverManager [DefaultDispatcher-worker-3 @coroutine#4] [SQLite EXEC] begin;
2024-10-31 23:06:14.763 [DefaultDispatcher-worker-3 @coroutine#4]  TRACE org.sqlite.core.NativeDB - DriverManager [DefaultDispatcher-worker-3 @coroutine#4] [SQLite EXEC] SELECT "User".id, "User".username, "User".password_hash, "User"."type" FROM "User" WHERE "User".username = ?
2024-10-31 23:06:14.764 [DefaultDispatcher-worker-3 @coroutine#4]  DEBUG Exposed - SELECT "User".id, "User".username, "User".password_hash, "User"."type" FROM "User" WHERE "User".username = 'admin'
2024-10-31 23:06:14.764 [DefaultDispatcher-worker-3 @coroutine#4]  TRACE org.sqlite.core.NativeDB - DriverManager [DefaultDispatcher-worker-3 @coroutine#4] [SQLite EXEC] commit;
2024-10-31 23:06:14.764 [DefaultDispatcher-worker-3 @coroutine#4]  TRACE org.sqlite.core.NativeDB - DriverManager [DefaultDispatcher-worker-3 @coroutine#4] [SQLite EXEC] begin;
2024-10-31 23:06:14.765 [DefaultDispatcher-worker-3 @coroutine#4]  TRACE org.sqlite.core.NativeDB - DriverManager [DefaultDispatcher-worker-3 @coroutine#4] [SQLite EXEC] commit;
2024-10-31 23:06:14.765 [DefaultDispatcher-worker-3 @coroutine#4]  DEBUG com.zaxxer.hikari.pool.PoolBase - HikariPool-1 - Reset (autoCommit) on connection org.sqlite.jdbc4.JDBC4Connection@215f171
2024-10-31 23:06:15.369 [DefaultDispatcher-worker-3 @coroutine#5]  TRACE org.sqlite.core.NativeDB - DriverManager [DefaultDispatcher-worker-3 @coroutine#5] [SQLite EXEC] select 1
2024-10-31 23:06:15.370 [DefaultDispatcher-worker-3 @coroutine#5]  TRACE org.sqlite.core.NativeDB - DriverManager [DefaultDispatcher-worker-3 @coroutine#5] [SQLite EXEC] begin;
2024-10-31 23:06:15.370 [DefaultDispatcher-worker-3 @coroutine#5]  TRACE org.sqlite.core.NativeDB - DriverManager [DefaultDispatcher-worker-3 @coroutine#5] [SQLite EXEC] INSERT INTO "User" (username, password_hash, "type") VALUES (?, ?, ?)
2024-10-31 23:06:15.370 [DefaultDispatcher-worker-3 @coroutine#5]  TRACE org.sqlite.core.NativeDB - DriverManager [DefaultDispatcher-worker-3 @coroutine#5] [SQLite EXEC] SELECT last_insert_rowid();
2024-10-31 23:06:15.370 [DefaultDispatcher-worker-3 @coroutine#5]  TRACE org.sqlite.core.NativeDB - DriverManager [DefaultDispatcher-worker-3 @coroutine#5] [SQLite EXEC] select last_insert_rowid();
2024-10-31 23:06:15.371 [DefaultDispatcher-worker-3 @coroutine#5]  DEBUG Exposed - INSERT INTO "User" (username, password_hash, "type") VALUES ('admin', '$argon2i$v=19$m=65536,t=10,p=1$yox5zFhRgJeYooTXmEz4NA$omkpnAdJV8HuOuVR2rGDwf2hyJnTR2T/BhdydEJ5q2s', 'ADMIN')
2024-10-31 23:06:15.372 [DefaultDispatcher-worker-3 @coroutine#5]  TRACE org.sqlite.core.NativeDB - DriverManager [DefaultDispatcher-worker-3 @coroutine#5] [SQLite EXEC] commit;
2024-10-31 23:06:15.373 [DefaultDispatcher-worker-3 @coroutine#5]  TRACE org.sqlite.core.NativeDB - DriverManager [DefaultDispatcher-worker-3 @coroutine#5] [SQLite EXEC] begin;
2024-10-31 23:06:15.373 [DefaultDispatcher-worker-3 @coroutine#5]  TRACE org.sqlite.core.NativeDB - DriverManager [DefaultDispatcher-worker-3 @coroutine#5] [SQLite EXEC] commit;
2024-10-31 23:06:15.373 [DefaultDispatcher-worker-3 @coroutine#5]  DEBUG com.zaxxer.hikari.pool.PoolBase - HikariPool-1 - Reset (autoCommit) on connection org.sqlite.jdbc4.JDBC4Connection@215f171
2024-10-31 23:06:15.556 [DefaultDispatcher-worker-1 @coroutine#3]  INFO  io.ktor.server.Application - Application started in 1.334 seconds.
2024-10-31 23:06:15.557 [DefaultDispatcher-worker-1 @coroutine#3]  INFO  io.ktor.server.Application - Application started: class io.ktor.server.application.Application(0x3ce589ee) [
    class io.ktor.server.application.hooks.CallFailed$install$1
    class io.ktor.server.application.hooks.CallFailed$install$1
    class io.ktor.server.application.hooks.CallSetup$install$1
    class io.ktor.server.application.hooks.CallSetup$install$1
    class io.ktor.server.plugins.callid.CallIdSetup$install$1
    class io.ktor.server.plugins.calllogging.MDCHookKt$MDCHook$1$install$1
    class io.ktor.server.engine.BaseApplicationEngineKt$installDefaultTransformationChecker$1
    class io.ktor.server.application.PluginBuilder$onDefaultPhaseWithMessage$1$1
    class io.ktor.server.application.PluginBuilder$onDefaultPhaseWithMessage$1$1
    class io.ktor.server.plugins.calllogging.MDCHookKt$MDCHook$1$install$1
    class io.ktor.server.engine.BaseApplicationEngineKt$installDefaultInterceptors$2
    class io.ktor.server.routing.RoutingRoot$Plugin$install$1
    class io.ktor.server.plugins.statuspages.BeforeFallback$install$1
    class io.ktor.server.engine.BaseApplicationEngineKt$installDefaultInterceptors$1
]
2024-10-31 23:06:15.640 [DefaultDispatcher-worker-3 @coroutine#6]  INFO  io.ktor.server.Application - Responding at http://localhost:8080
2024-10-31 23:06:17.452 [eventLoopGroupProxy-4-1 @call-handler#10]  TRACE io.ktor.server.sessions.Sessions - Sessions found for /user/login: auth_session
2024-10-31 23:06:17.455 [eventLoopGroupProxy-4-1 @call-handler#10]  TRACE io.ktor.server.routing.Routing - Trace for [user, login]
/, segment:0 -> SUCCESS @ /
  /(authenticate auth-session), segment:0 -> SUCCESS @ /(authenticate auth-session)
    /(authenticate auth-session)/user, segment:1 -> SUCCESS @ /(authenticate auth-session)/user
      /(authenticate auth-session)/user/(method:GET), segment:1 -> FAILURE "Not all segments matched" @ /(authenticate auth-session)/user/(method:GET)
  /(authenticate admin-auth-session), segment:0 -> SUCCESS @ /(authenticate admin-auth-session)
    /(authenticate admin-auth-session)/user, segment:1 -> SUCCESS @ /(authenticate admin-auth-session)/user
      /(authenticate admin-auth-session)/user/(method:POST), segment:1 -> FAILURE "Selector didn't match" @ /(authenticate admin-auth-session)/user/(method:POST)
      /(authenticate admin-auth-session)/user/all, segment:1 -> FAILURE "Selector didn't match" @ /(authenticate admin-auth-session)/user/all
  /user, segment:1 -> SUCCESS @ /user
    /user/login, segment:2 -> SUCCESS @ /user/login
      /user/login/(method:GET), segment:2 -> SUCCESS @ /user/login/(method:GET)
      /user/login/(method:POST), segment:2 -> FAILURE "Selector didn't match" @ /user/login/(method:POST)
Matched routes:
  "" -> "user" -> "login" -> "(method:GET)"
Routing resolve result:
  SUCCESS @ /user/login/(method:GET)
2024-10-31 23:06:17.466 [eventLoopGroupProxy-4-1 @call-handler#10]  TRACE io.ktor.server.sessions.Sessions - Sending session data for /user/login: auth_session
2024-10-31 23:06:17.467 [eventLoopGroupProxy-4-1 @call-handler#10]  TRACE i.k.s.p.c.ContentNegotiation - Skipping because body is already converted.
2024-10-31 23:06:17.468 [eventLoopGroupProxy-4-1 @call-handler#10]  TRACE i.k.s.p.statuspages.StatusPages - No handler found for status code 200 OK for call: /user/login
]]></system-out>
  <system-err><![CDATA[Oct 31, 2024 11:06:16 PM org.openqa.selenium.manager.SeleniumManager lambda$runCommand$1
WARNING: The chromedriver version (129.0.6668.100) detected in PATH at /opt/homebrew/bin/chromedriver might not be compatible with the detected chrome version (130.0.6723.91); currently, chromedriver 130.0.6723.91 is recommended for chrome 130.*, so it is advised to delete the driver in PATH and retry
Oct 31, 2024 11:06:17 PM org.openqa.selenium.devtools.CdpVersionFinder findNearestMatch
WARNING: Unable to find CDP implementation matching 130
Oct 31, 2024 11:06:17 PM org.openqa.selenium.chromium.ChromiumDriver lambda$new$5
WARNING: Unable to find version of CDP to use for 130.0.6723.91. You may need to include a dependency on a specific version of the CDP using something similar to `org.seleniumhq.selenium:selenium-devtools-v86:4.18.1` where the version ("v86") matches the version of the chromium-based browser you're using and the version number of the artifact is the same as Selenium's.
Oct 31, 2024 11:06:18 PM org.openqa.selenium.manager.SeleniumManager lambda$runCommand$1
WARNING: The chromedriver version (129.0.6668.100) detected in PATH at /opt/homebrew/bin/chromedriver might not be compatible with the detected chrome version (130.0.6723.91); currently, chromedriver 130.0.6723.91 is recommended for chrome 130.*, so it is advised to delete the driver in PATH and retry
Oct 31, 2024 11:06:18 PM org.openqa.selenium.devtools.CdpVersionFinder findNearestMatch
WARNING: Unable to find CDP implementation matching 130
Oct 31, 2024 11:06:18 PM org.openqa.selenium.chromium.ChromiumDriver lambda$new$5
WARNING: Unable to find version of CDP to use for 130.0.6723.91. You may need to include a dependency on a specific version of the CDP using something similar to `org.seleniumhq.selenium:selenium-devtools-v86:4.18.1` where the version ("v86") matches the version of the chromium-based browser you're using and the version number of the artifact is the same as Selenium's.
]]></system-err>
</testsuite>
